INFO:root:Starting to scrape. Total pages: 1
INFO:root:Scraping finished (SUCCESS!). 1 pages scraped.
INFO:root:Timestamp: 2024-03-26 18:42:58.848370 - Car: VOLKSWAGEN Polo GTI 2.0 TSI 147kW 200CV DSG 5p. - Price: 23490 - Km: 47000 - URL: /volkswagen-polo-gti-20-tsi-147kw-200cv-dsg-5p-gasolina-2019-en-barcelona-57447420-covo.aspx - Year: 2019 - Province: Barcelona
INFO:root:Timestamp: 2024-03-26 18:42:58.849359 - Car: VOLKSWAGEN Polo GTI 2.0 TSI 147kW 200CV DSG 5p. - Price: 24650 - Km: 37000 - URL: /volkswagen-polo-gti-2.0-tsi-147kw-200cv-dsg-5p-gasolina-2020-en-madrid-56737656-covo.aspx - Year: 2020 - Province: Madrid
INFO:root:Timestamp: 2024-03-26 18:42:58.860543 - Car: VOLKSWAGEN Polo GTI 2.0 TSI 147kW 200CV DSG 5p. - Price: 21889 - Km: 48271 - URL: /volkswagen-polo-gti-20-tsi-147kw-200cv-dsg-5p-gasolina-2020-en-granada-57428165-covo.aspx - Year: 2020 - Province: Granada
INFO:root:Timestamp: 2024-03-26 18:42:58.860543 - Car: VOLKSWAGEN Polo GTI 2.0 TSI 147kW 200CV DSG - Price: 22900 - Km: 49900 - URL: /volkswagen-polo-gti-2.0-tsi-147kw-200cv-dsg-5p-gasolina-2020-en-madrid-57379352-covo.aspx - Year: 2020 - Province: Madrid
INFO:root:Timestamp: 2024-03-26 18:42:58.860543 - Car: VOLKSWAGEN Polo GTI 2.0 TSI 147kW 200CV DSG 5p. - Price: 23900 - Km: 11000 - URL: /volkswagen-polo-gti-2.0-tsi-147kw-200cv-dsg-5p-gasolina-2019-en-madrid-57080287-covo.aspx - Year: 2019 - Province: Madrid
INFO:root:Timestamp: 2024-03-26 18:42:58.860543 - Car: VOLKSWAGEN Polo GTI 2.0 TSI 147kW 200CV DSG 5p. - Price: 23900 - Km: 39760 - URL: /volkswagen-polo-gti-20-tsi-147kw-200cv-dsg-5p-gasolina-2019-en-girona-57226360-covo.aspx - Year: 2019 - Province: Girona
INFO:root:Timestamp: 2024-03-26 18:42:58.860543 - Car: VOLKSWAGEN Polo GTI 2.0 TSI 147kW 200CV DSG 5p. - Price: 22690 - Km: 34000 - URL: /volkswagen-polo-gti-20-tsi-147kw-200cv-dsg-5p-gasolina-2020-en-madrid-57278782-covo.aspx - Year: 2020 - Province: Madrid
INFO:root:Timestamp: 2024-03-26 18:42:58.860543 - Car: VOLKSWAGEN Polo GTI 2.0 TSI 147kW 200CV DSG 5p. - Price: 23900 - Km: 39760 - URL: /volkswagen-polo-gti-20-tsi-147kw-200cv-dsg-5p-gasolina-2019-en-barcelona-57401279-covo.aspx - Year: 2019 - Province: Barcelona
INFO:root:Timestamp: 2024-03-26 18:42:58.860543 - Car: VOLKSWAGEN Polo GTI 2.0 TSI 147kW 200CV DSG 5p. - Price: 23900 - Km: 39760 - URL: /volkswagen-polo-gti-20-tsi-147kw-200cv-dsg-5p-gasolina-2019-en-valencia-57383714-covo.aspx - Year: 2019 - Province: Valencia
INFO:root:Timestamp: 2024-03-26 18:42:58.860543 - Car: VOLKSWAGEN Polo GTI 2.0 TSI 147kW 200CV DSG 5p. - Price: 21000 - Km: 50000 - URL: /volkswagen-polo-gti-20-tsi-147kw-200cv-dsg-5p-gasolina-2020-en-almeria-56563628-covo.aspx - Year: 2020 - Province: Almería
INFO:root:Timestamp: 2024-03-26 18:42:58.861548 - Car: VOLKSWAGEN Polo GTI 2.0 TSI 147kW 200CV DSG 5p. - Price: 26000 - Km: 28000 - URL: /volkswagen-polo-gti-20-tsi-147kw-200cv-dsg-5p-gasolina-2020-en-malaga-57356120-covo.aspx - Year: 2020 - Province: Málaga
INFO:root:Timestamp: 2024-03-26 18:42:58.861548 - Car: VOLKSWAGEN Polo GTI 2.0 TSI 147kW 200CV DSG 5p. - Price: 21900 - Km: 42000 - URL: /volkswagen-polo-gti-2.0-tsi-147kw-200cv-dsg-5p-gasolina-2020-en-alicante-57153652-covo.aspx - Year: 2020 - Province: Alicante
INFO:root:Timestamp: 2024-03-26 18:42:58.861548 - Car: VOLKSWAGEN Polo GTI 2.0 TSI 147kW 200CV DSG 5p. - Price: 25600 - Km: 9800 - URL: /volkswagen-polo-gti-20-tsi-147kw-200cv-dsg-5p-gasolina-2020-en-sevilla-57292212-covo.aspx - Year: 2020 - Province: Sevilla
INFO:root:Timestamp: 2024-03-26 18:42:58.861548 - Car: VOLKSWAGEN Polo GTI 2.0 TSI 147kW 200CV DSG 5p. - Price: 27990 - Km: 22000 - URL: /volkswagen-polo-gti-20-tsi-147kw-200cv-dsg-5p-gasolina-2020-en-barcelona-57301657-covo.aspx - Year: 2020 - Province: Barcelona
INFO:root:Timestamp: 2024-03-26 18:42:58.861548 - Car: VOLKSWAGEN Polo GTI 2.0 TSI 147kW 200CV DSG 5p. - Price: 24900 - Km: 37000 - URL: /volkswagen-polo-gti-2.0-tsi-147kw-200cv-dsg-5p-gasolina-2020-en-madrid-57132736-covo.aspx - Year: 2020 - Province: Madrid
INFO:root:Timestamp: 2024-03-26 18:42:58.861548 - Car: VOLKSWAGEN Polo GTI 2.0 TSI 147kW 200CV DSG 5p. - Price: 23500 - Km: 28000 - URL: /volkswagen-polo-gti-20-tsi-147kw-200cv-dsg-5p-gasolina-2019-en-baleares-56916004-covo.aspx - Year: 2019 - Province: Baleares
INFO:root:Timestamp: 2024-03-26 18:42:58.861548 - Car: VOLKSWAGEN Polo GTI 2.0 TSI 147kW 200CV DSG 5p. - Price: 23490 - Km: 47000 - URL: /volkswagen-polo-gti-20-tsi-147kw-200cv-dsg-5p-gasolina-2019-en-barcelona-57447420-covo.aspx - Year: 2019 - Province: Barcelona
INFO:root:Timestamp: 2024-03-26 18:42:58.861548 - Car: VOLKSWAGEN Polo GTI 2.0 TSI 147kW 200CV DSG 5p. - Price: 24650 - Km: 37000 - URL: /volkswagen-polo-gti-2.0-tsi-147kw-200cv-dsg-5p-gasolina-2020-en-madrid-56737656-covo.aspx - Year: 2020 - Province: Madrid
INFO:root:Timestamp: 2024-03-26 18:42:58.861548 - Car: VOLKSWAGEN Polo GTI 2.0 TSI 147kW 200CV DSG 5p. - Price: 21889 - Km: 48271 - URL: /volkswagen-polo-gti-20-tsi-147kw-200cv-dsg-5p-gasolina-2020-en-granada-57428165-covo.aspx - Year: 2020 - Province: Granada
INFO:root:Timestamp: 2024-03-26 18:42:58.861548 - Car: VOLKSWAGEN Polo GTI 2.0 TSI 147kW 200CV DSG - Price: 22900 - Km: 49900 - URL: /volkswagen-polo-gti-2.0-tsi-147kw-200cv-dsg-5p-gasolina-2020-en-madrid-57379352-covo.aspx - Year: 2020 - Province: Madrid
INFO:root:Timestamp: 2024-03-26 18:42:58.861548 - Car: VOLKSWAGEN Polo GTI 2.0 TSI 147kW 200CV DSG 5p. - Price: 23900 - Km: 11000 - URL: /volkswagen-polo-gti-2.0-tsi-147kw-200cv-dsg-5p-gasolina-2019-en-madrid-57080287-covo.aspx - Year: 2019 - Province: Madrid
INFO:root:Timestamp: 2024-03-26 18:42:58.862551 - Car: VOLKSWAGEN Polo GTI 2.0 TSI 147kW 200CV DSG 5p. - Price: 23900 - Km: 39760 - URL: /volkswagen-polo-gti-20-tsi-147kw-200cv-dsg-5p-gasolina-2019-en-girona-57226360-covo.aspx - Year: 2019 - Province: Girona
INFO:root:Timestamp: 2024-03-26 18:42:58.862551 - Car: VOLKSWAGEN Polo GTI 2.0 TSI 147kW 200CV DSG 5p. - Price: 22690 - Km: 34000 - URL: /volkswagen-polo-gti-20-tsi-147kw-200cv-dsg-5p-gasolina-2020-en-madrid-57278782-covo.aspx - Year: 2020 - Province: Madrid
INFO:root:Timestamp: 2024-03-26 18:42:58.862551 - Car: VOLKSWAGEN Polo GTI 2.0 TSI 147kW 200CV DSG 5p. - Price: 23900 - Km: 39760 - URL: /volkswagen-polo-gti-20-tsi-147kw-200cv-dsg-5p-gasolina-2019-en-barcelona-57401279-covo.aspx - Year: 2019 - Province: Barcelona
INFO:root:Timestamp: 2024-03-26 18:42:58.862551 - Car: VOLKSWAGEN Polo GTI 2.0 TSI 147kW 200CV DSG 5p. - Price: 23900 - Km: 39760 - URL: /volkswagen-polo-gti-20-tsi-147kw-200cv-dsg-5p-gasolina-2019-en-valencia-57383714-covo.aspx - Year: 2019 - Province: Valencia
INFO:root:Timestamp: 2024-03-26 18:42:58.862551 - Car: VOLKSWAGEN Polo GTI 2.0 TSI 147kW 200CV DSG 5p. - Price: 21000 - Km: 50000 - URL: /volkswagen-polo-gti-20-tsi-147kw-200cv-dsg-5p-gasolina-2020-en-almeria-56563628-covo.aspx - Year: 2020 - Province: Almería
INFO:root:Timestamp: 2024-03-26 18:42:58.862551 - Car: VOLKSWAGEN Polo GTI 2.0 TSI 147kW 200CV DSG 5p. - Price: 26000 - Km: 28000 - URL: /volkswagen-polo-gti-20-tsi-147kw-200cv-dsg-5p-gasolina-2020-en-malaga-57356120-covo.aspx - Year: 2020 - Province: Málaga
INFO:root:Timestamp: 2024-03-26 18:42:58.862551 - Car: VOLKSWAGEN Polo GTI 2.0 TSI 147kW 200CV DSG 5p. - Price: 21900 - Km: 42000 - URL: /volkswagen-polo-gti-2.0-tsi-147kw-200cv-dsg-5p-gasolina-2020-en-alicante-57153652-covo.aspx - Year: 2020 - Province: Alicante
INFO:root:Timestamp: 2024-03-26 18:42:58.862551 - Car: VOLKSWAGEN Polo GTI 2.0 TSI 147kW 200CV DSG 5p. - Price: 25600 - Km: 9800 - URL: /volkswagen-polo-gti-20-tsi-147kw-200cv-dsg-5p-gasolina-2020-en-sevilla-57292212-covo.aspx - Year: 2020 - Province: Sevilla
INFO:root:Timestamp: 2024-03-26 18:42:58.862551 - Car: VOLKSWAGEN Polo GTI 2.0 TSI 147kW 200CV DSG 5p. - Price: 27990 - Km: 22000 - URL: /volkswagen-polo-gti-20-tsi-147kw-200cv-dsg-5p-gasolina-2020-en-barcelona-57301657-covo.aspx - Year: 2020 - Province: Barcelona
INFO:root:Timestamp: 2024-03-26 18:42:58.862551 - Car: VOLKSWAGEN Polo GTI 2.0 TSI 147kW 200CV DSG 5p. - Price: 24900 - Km: 37000 - URL: /volkswagen-polo-gti-2.0-tsi-147kw-200cv-dsg-5p-gasolina-2020-en-madrid-57132736-covo.aspx - Year: 2020 - Province: Madrid
INFO:root:Timestamp: 2024-03-26 18:42:58.863551 - Car: VOLKSWAGEN Polo GTI 2.0 TSI 147kW 200CV DSG 5p. - Price: 23500 - Km: 28000 - URL: /volkswagen-polo-gti-20-tsi-147kw-200cv-dsg-5p-gasolina-2019-en-baleares-56916004-covo.aspx - Year: 2019 - Province: Baleares
INFO:root:Scraping finished (SUCCESS!). 1 pages scraped.
INFO:root:Dataframe saved to csv.
